# JRE version: Java(TM) SE Runtime Environment (22.0+36) (build 22+36-2370)
# Java VM: Java HotSpot(TM) 64-Bit Server VM (22+36-2370, mixed mode, emulated-client, sharing, tiered, compressed oops, compressed class ptrs, g1 gc, linux-amd64)
Heap:
 garbage-first heap   total reserved 1957888K, committed 52224K, used 31369K [0x0000000088800000, 0x0000000100000000)
  region size 1024K, 3 young (3072K), 1 survivors (1024K)
 Metaspace       used 61449K, committed 62400K, reserved 1114112K
  class space    used 8847K, committed 9216K, reserved 1048576K
GC Heap History (20 events):
Event: 8.413 GC heap before
{Heap before GC invocations=10 (full 0):
 garbage-first heap   total reserved 1957888K, committed 43008K, used 26942K [0x0000000088800000, 0x0000000100000000)
  region size 1024K, 11 young (11264K), 2 survivors (2048K)
 Metaspace       used 35476K, committed 35968K, reserved 1114112K
  class space    used 4950K, committed 5120K, reserved 1048576K
}
Event: 8.416 GC heap after
{Heap after GC invocations=11 (full 0):
 garbage-first heap   total reserved 1957888K, committed 43008K, used 19995K [0x0000000088800000, 0x0000000100000000)
  region size 1024K, 3 young (3072K), 3 survivors (3072K)
 Metaspace       used 35476K, committed 35968K, reserved 1114112K
  class space    used 4950K, committed 5120K, reserved 1048576K
}
Event: 9.380 GC heap before
{Heap before GC invocations=12 (full 0):
 garbage-first heap   total reserved 1957888K, committed 43008K, used 34331K [0x0000000088800000, 0x0000000100000000)
  region size 1024K, 18 young (18432K), 3 survivors (3072K)
 Metaspace       used 38580K, committed 39168K, reserved 1114112K
  class space    used 5432K, committed 5696K, reserved 1048576K
}
Event: 9.383 GC heap after
{Heap after GC invocations=13 (full 0):
 garbage-first heap   total reserved 1957888K, committed 43008K, used 21333K [0x0000000088800000, 0x0000000100000000)
  region size 1024K, 3 young (3072K), 3 survivors (3072K)
 Metaspace       used 38580K, committed 39168K, reserved 1114112K
  class space    used 5432K, committed 5696K, reserved 1048576K
}
Event: 10.178 GC heap before
{Heap before GC invocations=13 (full 0):
 garbage-first heap   total reserved 1957888K, committed 43008K, used 34645K [0x0000000088800000, 0x0000000100000000)
  region size 1024K, 17 young (17408K), 3 survivors (3072K)
 Metaspace       used 41710K, committed 42304K, reserved 1114112K
  class space    used 5811K, committed 6080K, reserved 1048576K
}
Event: 10.181 GC heap after
{Heap after GC invocations=14 (full 0):
 garbage-first heap   total reserved 1957888K, committed 43008K, used 21857K [0x0000000088800000, 0x0000000100000000)
  region size 1024K, 3 young (3072K), 3 survivors (3072K)
 Metaspace       used 41710K, committed 42304K, reserved 1114112K
  class space    used 5811K, committed 6080K, reserved 1048576K
}
Event: 10.988 GC heap before
{Heap before GC invocations=14 (full 0):
 garbage-first heap   total reserved 1957888K, committed 43008K, used 35169K [0x0000000088800000, 0x0000000100000000)
  region size 1024K, 16 young (16384K), 3 survivors (3072K)
 Metaspace       used 45580K, committed 46144K, reserved 1114112K
  class space    used 6529K, committed 6784K, reserved 1048576K
}
Event: 10.991 GC heap after
{Heap after GC invocations=15 (full 0):
 garbage-first heap   total reserved 1957888K, committed 43008K, used 22320K [0x0000000088800000, 0x0000000100000000)
  region size 1024K, 2 young (2048K), 2 survivors (2048K)
 Metaspace       used 45580K, committed 46144K, reserved 1114112K
  class space    used 6529K, committed 6784K, reserved 1048576K
}
Event: 11.682 GC heap before
{Heap before GC invocations=16 (full 0):
 garbage-first heap   total reserved 1957888K, committed 43008K, used 36656K [0x0000000088800000, 0x0000000100000000)
  region size 1024K, 16 young (16384K), 2 survivors (2048K)
 Metaspace       used 47840K, committed 48448K, reserved 1114112K
  class space    used 6937K, committed 7232K, reserved 1048576K
}
Event: 11.685 GC heap after
{Heap after GC invocations=17 (full 0):
 garbage-first heap   total reserved 1957888K, committed 52224K, used 22820K [0x0000000088800000, 0x0000000100000000)
  region size 1024K, 1 young (1024K), 1 survivors (1024K)
 Metaspace       used 47840K, committed 48448K, reserved 1114112K
  class space    used 6937K, committed 7232K, reserved 1048576K
}
Event: 12.710 GC heap before
{Heap before GC invocations=17 (full 0):
 garbage-first heap   total reserved 1957888K, committed 52224K, used 45348K [0x0000000088800000, 0x0000000100000000)
  region size 1024K, 24 young (24576K), 1 survivors (1024K)
 Metaspace       used 51792K, committed 52416K, reserved 1114112K
  class space    used 7451K, committed 7744K, reserved 1048576K
}
Event: 12.713 GC heap after
{Heap after GC invocations=18 (full 0):
 garbage-first heap   total reserved 1957888K, committed 52224K, used 24587K [0x0000000088800000, 0x0000000100000000)
  region size 1024K, 3 young (3072K), 3 survivors (3072K)
 Metaspace       used 51792K, committed 52416K, reserved 1114112K
  class space    used 7451K, committed 7744K, reserved 1048576K
}
Event: 12.960 GC heap before
{Heap before GC invocations=18 (full 0):
 garbage-first heap   total reserved 1957888K, committed 52224K, used 44043K [0x0000000088800000, 0x0000000100000000)
  region size 1024K, 22 young (22528K), 3 survivors (3072K)
 Metaspace       used 52805K, committed 53440K, reserved 1114112K
  class space    used 7589K, committed 7872K, reserved 1048576K
}
Event: 12.963 GC heap after
{Heap after GC invocations=19 (full 0):
 garbage-first heap   total reserved 1957888K, committed 52224K, used 25438K [0x0000000088800000, 0x0000000100000000)
  region size 1024K, 1 young (1024K), 1 survivors (1024K)
 Metaspace       used 52805K, committed 53440K, reserved 1114112K
  class space    used 7589K, committed 7872K, reserved 1048576K
}
Event: 13.688 GC heap before
{Heap before GC invocations=20 (full 0):
 garbage-first heap   total reserved 1957888K, committed 52224K, used 46942K [0x0000000088800000, 0x0000000100000000)
  region size 1024K, 22 young (22528K), 1 survivors (1024K)
 Metaspace       used 54593K, committed 55296K, reserved 1114112K
  class space    used 7896K, committed 8192K, reserved 1048576K
}
Event: 13.691 GC heap after
{Heap after GC invocations=21 (full 0):
 garbage-first heap   total reserved 1957888K, committed 52224K, used 27371K [0x0000000088800000, 0x0000000100000000)
  region size 1024K, 3 young (3072K), 3 survivors (3072K)
 Metaspace       used 54593K, committed 55296K, reserved 1114112K
  class space    used 7896K, committed 8192K, reserved 1048576K
}
Event: 91.126 GC heap before
{Heap before GC invocations=21 (full 0):
 garbage-first heap   total reserved 1957888K, committed 52224K, used 43755K [0x0000000088800000, 0x0000000100000000)
  region size 1024K, 20 young (20480K), 3 survivors (3072K)
 Metaspace       used 57494K, committed 58176K, reserved 1114112K
  class space    used 8297K, committed 8576K, reserved 1048576K
}
Event: 91.131 GC heap after
{Heap after GC invocations=22 (full 0):
 garbage-first heap   total reserved 1957888K, committed 52224K, used 28838K [0x0000000088800000, 0x0000000100000000)
  region size 1024K, 2 young (2048K), 2 survivors (2048K)
 Metaspace       used 57494K, committed 58176K, reserved 1114112K
  class space    used 8297K, committed 8576K, reserved 1048576K
}
Event: 355.885 GC heap before
{Heap before GC invocations=22 (full 0):
 garbage-first heap   total reserved 1957888K, committed 52224K, used 44198K [0x0000000088800000, 0x0000000100000000)
  region size 1024K, 18 young (18432K), 2 survivors (2048K)
 Metaspace       used 61633K, committed 62336K, reserved 1114112K
  class space    used 8904K, committed 9216K, reserved 1048576K
}
Event: 355.887 GC heap after
{Heap after GC invocations=23 (full 0):
 garbage-first heap   total reserved 1957888K, committed 52224K, used 29889K [0x0000000088800000, 0x0000000100000000)
  region size 1024K, 1 young (1024K), 1 survivors (1024K)
 Metaspace       used 61633K, committed 62336K, reserved 1114112K
  class space    used 8904K, committed 9216K, reserved 1048576K
}

