# JRE version: Java(TM) SE Runtime Environment (22.0+36) (build 22+36-2370)
# Java VM: Java HotSpot(TM) 64-Bit Server VM (22+36-2370, mixed mode, emulated-client, sharing, tiered, compressed oops, compressed class ptrs, g1 gc, linux-amd64)
Heap:
 garbage-first heap   total reserved 1957888K, committed 59392K, used 45948K [0x0000000088800000, 0x0000000100000000)
  region size 1024K, 23 young (23552K), 4 survivors (4096K)
 Metaspace       used 57411K, committed 58112K, reserved 1114112K
  class space    used 8272K, committed 8576K, reserved 1048576K
GC Heap History (20 events):
Event: 3.800 GC heap before
{Heap before GC invocations=2 (full 0):
 garbage-first heap   total reserved 1957888K, committed 124928K, used 28724K [0x0000000088800000, 0x0000000100000000)
  region size 1024K, 22 young (22528K), 3 survivors (3072K)
 Metaspace       used 17816K, committed 18176K, reserved 1114112K
  class space    used 2379K, committed 2560K, reserved 1048576K
}
Event: 3.805 GC heap after
{Heap after GC invocations=3 (full 0):
 garbage-first heap   total reserved 1957888K, committed 124928K, used 13047K [0x0000000088800000, 0x0000000100000000)
  region size 1024K, 6 young (6144K), 6 survivors (6144K)
 Metaspace       used 17816K, committed 18176K, reserved 1114112K
  class space    used 2379K, committed 2560K, reserved 1048576K
}
Event: 6.585 GC heap before
{Heap before GC invocations=4 (full 0):
 garbage-first heap   total reserved 1957888K, committed 51200K, used 48887K [0x0000000088800000, 0x0000000100000000)
  region size 1024K, 41 young (41984K), 6 survivors (6144K)
 Metaspace       used 22091K, committed 22464K, reserved 1114112K
  class space    used 3052K, committed 3200K, reserved 1048576K
}
Event: 6.599 GC heap after
{Heap after GC invocations=5 (full 0):
 garbage-first heap   total reserved 1957888K, committed 59392K, used 15166K [0x0000000088800000, 0x0000000100000000)
  region size 1024K, 5 young (5120K), 5 survivors (5120K)
 Metaspace       used 22091K, committed 22464K, reserved 1114112K
  class space    used 3052K, committed 3200K, reserved 1048576K
}
Event: 9.162 GC heap before
{Heap before GC invocations=5 (full 0):
 garbage-first heap   total reserved 1957888K, committed 59392K, used 44862K [0x0000000088800000, 0x0000000100000000)
  region size 1024K, 34 young (34816K), 5 survivors (5120K)
 Metaspace       used 27391K, committed 27904K, reserved 1114112K
  class space    used 3830K, committed 4032K, reserved 1048576K
}
Event: 9.170 GC heap after
{Heap after GC invocations=6 (full 0):
 garbage-first heap   total reserved 1957888K, committed 59392K, used 18229K [0x0000000088800000, 0x0000000100000000)
  region size 1024K, 3 young (3072K), 3 survivors (3072K)
 Metaspace       used 27391K, committed 27904K, reserved 1114112K
  class space    used 3830K, committed 4032K, reserved 1048576K
}
Event: 11.204 GC heap before
{Heap before GC invocations=6 (full 0):
 garbage-first heap   total reserved 1957888K, committed 59392K, used 28469K [0x0000000088800000, 0x0000000100000000)
  region size 1024K, 14 young (14336K), 3 survivors (3072K)
 Metaspace       used 29853K, committed 30336K, reserved 1114112K
  class space    used 4146K, committed 4352K, reserved 1048576K
}
Event: 11.209 GC heap after
{Heap after GC invocations=7 (full 0):
 garbage-first heap   total reserved 1957888K, committed 59392K, used 18896K [0x0000000088800000, 0x0000000100000000)
  region size 1024K, 1 young (1024K), 1 survivors (1024K)
 Metaspace       used 29853K, committed 30336K, reserved 1114112K
  class space    used 4146K, committed 4352K, reserved 1048576K
}
Event: 17.989 GC heap before
{Heap before GC invocations=8 (full 0):
 garbage-first heap   total reserved 1957888K, committed 59392K, used 48592K [0x0000000088800000, 0x0000000100000000)
  region size 1024K, 30 young (30720K), 1 survivors (1024K)
 Metaspace       used 36861K, committed 37440K, reserved 1114112K
  class space    used 5184K, committed 5440K, reserved 1048576K
}
Event: 17.994 GC heap after
{Heap after GC invocations=9 (full 0):
 garbage-first heap   total reserved 1957888K, committed 59392K, used 21052K [0x0000000088800000, 0x0000000100000000)
  region size 1024K, 3 young (3072K), 3 survivors (3072K)
 Metaspace       used 36861K, committed 37440K, reserved 1114112K
  class space    used 5184K, committed 5440K, reserved 1048576K
}
Event: 24.735 GC heap before
{Heap before GC invocations=9 (full 0):
 garbage-first heap   total reserved 1957888K, committed 59392K, used 48700K [0x0000000088800000, 0x0000000100000000)
  region size 1024K, 31 young (31744K), 3 survivors (3072K)
 Metaspace       used 44274K, committed 44800K, reserved 1114112K
  class space    used 6228K, committed 6464K, reserved 1048576K
}
Event: 24.740 GC heap after
{Heap after GC invocations=10 (full 0):
 garbage-first heap   total reserved 1957888K, committed 59392K, used 22302K [0x0000000088800000, 0x0000000100000000)
  region size 1024K, 2 young (2048K), 2 survivors (2048K)
 Metaspace       used 44274K, committed 44800K, reserved 1114112K
  class space    used 6228K, committed 6464K, reserved 1048576K
}
Event: 30.545 GC heap before
{Heap before GC invocations=10 (full 0):
 garbage-first heap   total reserved 1957888K, committed 59392K, used 50974K [0x0000000088800000, 0x0000000100000000)
  region size 1024K, 30 young (30720K), 2 survivors (2048K)
 Metaspace       used 49679K, committed 50304K, reserved 1114112K
  class space    used 7159K, committed 7424K, reserved 1048576K
}
Event: 30.549 GC heap after
{Heap after GC invocations=11 (full 0):
 garbage-first heap   total reserved 1957888K, committed 59392K, used 23254K [0x0000000088800000, 0x0000000100000000)
  region size 1024K, 3 young (3072K), 3 survivors (3072K)
 Metaspace       used 49679K, committed 50304K, reserved 1114112K
  class space    used 7159K, committed 7424K, reserved 1048576K
}
Event: 30.845 GC heap before
{Heap before GC invocations=11 (full 0):
 garbage-first heap   total reserved 1957888K, committed 59392K, used 26326K [0x0000000088800000, 0x0000000100000000)
  region size 1024K, 7 young (7168K), 3 survivors (3072K)
 Metaspace       used 50136K, committed 50688K, reserved 1114112K
  class space    used 7189K, committed 7424K, reserved 1048576K
}
Event: 30.850 GC heap after
{Heap after GC invocations=12 (full 0):
 garbage-first heap   total reserved 1957888K, committed 59392K, used 23813K [0x0000000088800000, 0x0000000100000000)
  region size 1024K, 2 young (2048K), 2 survivors (2048K)
 Metaspace       used 50136K, committed 50688K, reserved 1114112K
  class space    used 7189K, committed 7424K, reserved 1048576K
}
Event: 32.537 GC heap before
{Heap before GC invocations=13 (full 0):
 garbage-first heap   total reserved 1957888K, committed 59392K, used 50437K [0x0000000088800000, 0x0000000100000000)
  region size 1024K, 28 young (28672K), 2 survivors (2048K)
 Metaspace       used 51923K, committed 52544K, reserved 1114112K
  class space    used 7481K, committed 7744K, reserved 1048576K
}
Event: 32.544 GC heap after
{Heap after GC invocations=14 (full 0):
 garbage-first heap   total reserved 1957888K, committed 59392K, used 25294K [0x0000000088800000, 0x0000000100000000)
  region size 1024K, 4 young (4096K), 4 survivors (4096K)
 Metaspace       used 51923K, committed 52544K, reserved 1114112K
  class space    used 7481K, committed 7744K, reserved 1048576K
}
Event: 35.295 GC heap before
{Heap before GC invocations=14 (full 0):
 garbage-first heap   total reserved 1957888K, committed 59392K, used 49870K [0x0000000088800000, 0x0000000100000000)
  region size 1024K, 28 young (28672K), 4 survivors (4096K)
 Metaspace       used 54405K, committed 55040K, reserved 1114112K
  class space    used 7852K, committed 8128K, reserved 1048576K
}
Event: 35.300 GC heap after
{Heap after GC invocations=15 (full 0):
 garbage-first heap   total reserved 1957888K, committed 59392K, used 27045K [0x0000000088800000, 0x0000000100000000)
  region size 1024K, 4 young (4096K), 4 survivors (4096K)
 Metaspace       used 54405K, committed 55040K, reserved 1114112K
  class space    used 7852K, committed 8128K, reserved 1048576K
}

